<?xml version="1.0" encoding="UTF-8"?>
<!-- Generated by org.testng.reporters.JUnitXMLReporter -->
<testsuite ignored="0" hostname="IB-Pune-LAP-200" failures="0" tests="4" name="Default test" time="12.381" errors="0" timestamp="2022-12-13T11:40:23 IST">
  <testcase classname="tests.BookingTest" name="createToken" time="5.337"/>
  <testcase classname="tests.BookingTest" name="createBooking" time="3.673"/>
  <testcase classname="tests.BookingTest" name="getCreatedBooking" time="1.213"/>
  <testcase classname="tests.BookingTest" name="deleteCreatedBooking" time="2.098"/>
</testsuite> <!-- Default test -->
