<?xml version="1.0" encoding="UTF-8"?>
<!-- Generated by org.testng.reporters.JUnitXMLReporter -->
<testsuite ignored="0" hostname="IB-Pune-LAP-200" failures="0" tests="4" name="Default test" time="9.323" errors="0" timestamp="2022-12-12T13:09:09 IST">
  <testcase classname="tests.BookingTest" name="createToken" time="5.203"/>
  <testcase classname="tests.BookingTest" name="CreateBooking" time="1.463"/>
  <testcase classname="tests.BookingTest" name="GetCreatedBooking" time="1.138"/>
  <testcase classname="tests.BookingTest" name="DeleteCreatedBooking" time="1.475"/>
</testsuite> <!-- Default test -->
