<?xml version="1.0" encoding="UTF-8"?>
<!-- Generated by org.testng.reporters.JUnitXMLReporter -->
<testsuite ignored="0" hostname="IB-Pune-LAP-200" failures="0" tests="4" name="Test" time="10.141" errors="0" timestamp="2022-12-13T11:51:36 IST">
  <testcase classname="tests.BookingTest" name="createToken" time="5.083"/>
  <testcase classname="tests.BookingTest" name="createBooking" time="2.562"/>
  <testcase classname="tests.BookingTest" name="getCreatedBooking" time="1.223"/>
  <testcase classname="tests.BookingTest" name="deleteCreatedBooking" time="1.224"/>
</testsuite> <!-- Test -->
