<?xml version="1.0" encoding="UTF-8"?>
<!-- Generated by org.testng.reporters.JUnitXMLReporter -->
<testsuite ignored="0" hostname="IB-Pune-LAP-200" failures="0" tests="4" name="Test" time="10.119" errors="0" timestamp="2022-12-13T11:53:00 IST">
  <testcase classname="tests.BookingTest" name="createToken" time="4.986"/>
  <testcase classname="tests.BookingTest" name="createBooking" time="2.414"/>
  <testcase classname="tests.BookingTest" name="getCreatedBooking" time="1.564"/>
  <testcase classname="tests.BookingTest" name="deleteCreatedBooking" time="1.11"/>
</testsuite> <!-- Test -->
