<?xml version="1.0" encoding="UTF-8"?>
<testsuite xmlns:xsi="http://www.w3.org/2001/XMLSchema-instance" xsi:noNamespaceSchemaLocation="https://maven.apache.org/surefire/maven-surefire-plugin/xsd/surefire-test-report-3.0.xsd" version="3.0" name="TestSuite" time="11.253" tests="4" errors="0" skipped="0" failures="0">
  <properties>
[...]
</properties>
  <testcase name="createToken" classname="tests.BookingTest" time="4.989">
    <system-out><![CDATA[*************************************************************************Create token for future use
Request method:	POST
Request URI:	https://restful-booker.herokuapp.com/auth
Proxy:			<none>
Request params:	<none>
Query params:	<none>
Form params:	<none>
Path params:	<none>
Headers:		Accept=*/*
				Content-Type=application/json
Cookies:		<none>
Multiparts:		<none>
Body:
{
    "username": "admin",
    "password": "password123"
}
HTTP/1.1 200 OK
Server: Cowboy
Connection: keep-alive
X-Powered-By: Express
Content-Type: application/json; charset=utf-8
Content-Length: 27
Etag: W/"1b-swwI3BKUTaPrXJ6JCrLiuKiREl0"
Date: Tue, 13 Dec 2022 06:21:00 GMT
Via: 1.1 vegur

{
    "token": "4ee242528b52c96"
}
Request method:	POST
Request URI:	https://restful-booker.herokuapp.com/auth
Proxy:			<none>
Request params:	<none>
Query params:	<none>
Form params:	<none>
Path params:	<none>
Headers:		Accept=*/*
				Content-Type=application/json
Cookies:		<none>
Multiparts:		<none>
Body:
{
    "username": "admin",
    "password": "password123"
}
Token==========={"token":"4ee242528b52c96"}
]]></system-out>
    <system-err><![CDATA[SLF4J: Failed to load class "org.slf4j.impl.StaticLoggerBinder".
SLF4J: Defaulting to no-operation (NOP) logger implementation
SLF4J: See http://www.slf4j.org/codes.html#StaticLoggerBinder for further details.
]]></system-err>
  </testcase>
  <testcase name="createBooking" classname="tests.BookingTest" time="2.413">
    <system-out><![CDATA[**************************************************************************************************Create Booking
Request method:	POST
Request URI:	https://restful-booker.herokuapp.com/booking
Proxy:			<none>
Request params:	<none>
Query params:	<none>
Form params:	<none>
Path params:	<none>
Headers:		Accept=*/*
				Content-Type=application/json
Cookies:		<none>
Multiparts:		<none>
Body:
{
    "firstname": "POJO",
    "lastname": "Test",
    "totalprice": 1234,
    "depositpaid": true,
    "bookingdates": {
        "checkin": "2022-01-01",
        "checkout": "2022-01-01"
    },
    "additionalneeds": "Lunch"
}
HTTP/1.1 200 OK
Server: Cowboy
Connection: keep-alive
X-Powered-By: Express
Content-Type: application/json; charset=utf-8
Content-Length: 192
Etag: W/"c0-hQ2/7jlOgRvmdwBSf3KowuwFjGI"
Date: Tue, 13 Dec 2022 06:21:03 GMT
Via: 1.1 vegur

{
    "bookingid": 96,
    "booking": {
        "firstname": "POJO",
        "lastname": "Test",
        "totalprice": 1234,
        "depositpaid": true,
        "bookingdates": {
            "checkin": "2022-01-01",
            "checkout": "2022-01-01"
        },
        "additionalneeds": "Lunch"
    }
}
CREATE==========={"bookingid":96,"booking":{"firstname":"POJO","lastname":"Test","totalprice":1234,"depositpaid":true,"bookingdates":{"checkin":"2022-01-01","checkout":"2022-01-01"},"additionalneeds":"Lunch"}}
96
Request method:	POST
Request URI:	https://restful-booker.herokuapp.com/booking
Proxy:			<none>
Request params:	<none>
Query params:	<none>
Form params:	<none>
Path params:	<none>
Headers:		Accept=*/*
				Content-Type=application/json
Cookies:		<none>
Multiparts:		<none>
Body:
{
    "firstname": "POJO",
    "lastname": "Test",
    "totalprice": 1234,
    "depositpaid": true,
    "bookingdates": {
        "checkin": "2022-01-01",
        "checkout": "2022-01-01"
    },
    "additionalneeds": "Lunch"
}
]]></system-out>
  </testcase>
  <testcase name="getCreatedBooking" classname="tests.BookingTest" time="1.565">
    <system-out><![CDATA[**********************************************************************************************Get Created Booking
Request method:	GET
Request URI:	https://restful-booker.herokuapp.com/booking/96
Proxy:			<none>
Request params:	<none>
Query params:	<none>
Form params:	<none>
Path params:	<none>
Headers:		Accept=*/*
				Content-Type=application/json
Cookies:		<none>
Multiparts:		<none>
Body:			<none>
HTTP/1.1 200 OK
Server: Cowboy
Connection: keep-alive
X-Powered-By: Express
Content-Type: application/json; charset=utf-8
Content-Length: 165
Etag: W/"a5-7NfZm3VYJT1zLV30U+fNS1UvwUI"
Date: Tue, 13 Dec 2022 06:21:05 GMT
Via: 1.1 vegur

{
    "firstname": "POJO",
    "lastname": "Test",
    "totalprice": 1234,
    "depositpaid": true,
    "bookingdates": {
        "checkin": "2022-01-01",
        "checkout": "2022-01-01"
    },
    "additionalneeds": "Lunch"
}
GET Booking==========={"firstname":"POJO","lastname":"Test","totalprice":1234,"depositpaid":true,"bookingdates":{"checkin":"2022-01-01","checkout":"2022-01-01"},"additionalneeds":"Lunch"}
]]></system-out>
  </testcase>
  <testcase name="deleteCreatedBooking" classname="tests.BookingTest" time="1.111">
    <system-out><![CDATA[**********************************************************************************************Delete Created Booking
Request method:	DELETE
Request URI:	https://restful-booker.herokuapp.com/booking/96
Proxy:			<none>
Request params:	<none>
Query params:	<none>
Form params:	<none>
Path params:	<none>
Headers:		Cookie=token=4ee242528b52c96
				Accept=*/*
				Content-Type=application/json
Cookies:		<none>
Multiparts:		<none>
Body:			<none>
HTTP/1.1 201 Created
Server: Cowboy
Connection: keep-alive
X-Powered-By: Express
Content-Type: text/plain; charset=utf-8
Content-Length: 7
Etag: W/"7-rM9AyJuqT6iOan/xHh+AW+7K/T8"
Date: Tue, 13 Dec 2022 06:21:07 GMT
Via: 1.1 vegur

Created
DELETE Booking===========Created
]]></system-out>
  </testcase>
</testsuite>