<?xml version="1.0" encoding="UTF-8"?>
<testng-results ignored="0" total="4" passed="4" failed="0" skipped="0">
  <reporter-output>
  </reporter-output>
  <suite started-at="2022-12-13T11:51:26 IST" name="Suite" finished-at="2022-12-13T11:51:36 IST" duration-ms="10141">
    <groups>
    </groups>
    <test started-at="2022-12-13T11:51:26 IST" name="Test" finished-at="2022-12-13T11:51:36 IST" duration-ms="10141">
      <class name="tests.BookingTest">
        <test-method signature="createToken()[pri:1, instance:tests.BookingTest@21129f1f]" started-at="2022-12-13T11:51:26 IST" name="createToken" finished-at="2022-12-13T11:51:31 IST" duration-ms="5083" status="PASS">
          <reporter-output>
          </reporter-output>
        </test-method> <!-- createToken -->
        <test-method signature="createBooking()[pri:2, instance:tests.BookingTest@21129f1f]" started-at="2022-12-13T11:51:31 IST" name="createBooking" finished-at="2022-12-13T11:51:33 IST" duration-ms="2562" status="PASS">
          <reporter-output>
          </reporter-output>
        </test-method> <!-- createBooking -->
        <test-method signature="getCreatedBooking()[pri:3, instance:tests.BookingTest@21129f1f]" started-at="2022-12-13T11:51:33 IST" name="getCreatedBooking" finished-at="2022-12-13T11:51:34 IST" duration-ms="1223" status="PASS">
          <reporter-output>
          </reporter-output>
        </test-method> <!-- getCreatedBooking -->
        <test-method signature="deleteCreatedBooking()[pri:4, instance:tests.BookingTest@21129f1f]" started-at="2022-12-13T11:51:34 IST" name="deleteCreatedBooking" finished-at="2022-12-13T11:51:36 IST" duration-ms="1224" status="PASS">
          <reporter-output>
          </reporter-output>
        </test-method> <!-- deleteCreatedBooking -->
      </class> <!-- tests.BookingTest -->
    </test> <!-- Test -->
  </suite> <!-- Suite -->
</testng-results>
